This is pdfTeX, Version 3.14159265-2.6-1.40.21 (TeX Live 2020) (preloaded format=pdflatex 2024.6.6)  17 SEP 2024 13:47
entering extended mode
 restricted \write18 enabled.
 %&-line parsing enabled.
**main.tex
(./main.tex
LaTeX2e <2020-10-01> patch level 4
L3 programming layer <2021-02-18>
(/usr/share/texlive/texmf-dist/tex/latex/base/report.cls
Document Class: report 2020/04/10 v1.4m Standard LaTeX document class
(/usr/share/texlive/texmf-dist/tex/latex/base/size10.clo
File: size10.clo 2020/04/10 v1.4m Standard LaTeX file (size option)
)
\c@part=\count179
\c@chapter=\count180
\c@section=\count181
\c@subsection=\count182
\c@subsubsection=\count183
\c@paragraph=\count184
\c@subparagraph=\count185
\c@figure=\count186
\c@table=\count187
\abovecaptionskip=\skip47
\belowcaptionskip=\skip48
\bibindent=\dimen138
)
(/usr/share/texlive/texmf-dist/tex/latex/base/fontenc.sty
Package: fontenc 2020/08/10 v2.0s Standard LaTeX package
)
(/usr/share/texlive/texmf-dist/tex/latex/geometry/geometry.sty
Package: geometry 2020/01/02 v5.9 Page Geometry

(/usr/share/texlive/texmf-dist/tex/latex/graphics/keyval.sty
Package: keyval 2014/10/28 v1.15 key=value parser (DPC)
\KV@toks@=\toks15
)
(/usr/share/texlive/texmf-dist/tex/generic/iftex/ifvtex.sty
Package: ifvtex 2019/10/25 v1.7 ifvtex legacy package. Use iftex instead.

(/usr/share/texlive/texmf-dist/tex/generic/iftex/iftex.sty
Package: iftex 2020/03/06 v1.0d TeX engine tests
))
\Gm@cnth=\count188
\Gm@cntv=\count189
\c@Gm@tempcnt=\count190
\Gm@bindingoffset=\dimen139
\Gm@wd@mp=\dimen140
\Gm@odd@mp=\dimen141
\Gm@even@mp=\dimen142
\Gm@layoutwidth=\dimen143
\Gm@layoutheight=\dimen144
\Gm@layouthoffset=\dimen145
\Gm@layoutvoffset=\dimen146
\Gm@dimlist=\toks16
)
(/usr/share/texlive/texmf-dist/tex/latex/graphics/graphicx.sty
Package: graphicx 2020/09/09 v1.2b Enhanced LaTeX Graphics (DPC,SPQR)

(/usr/share/texlive/texmf-dist/tex/latex/graphics/graphics.sty
Package: graphics 2020/08/30 v1.4c Standard LaTeX Graphics (DPC,SPQR)

(/usr/share/texlive/texmf-dist/tex/latex/graphics/trig.sty
Package: trig 2016/01/03 v1.10 sin cos tan (DPC)
)
(/usr/share/texlive/texmf-dist/tex/latex/graphics-cfg/graphics.cfg
File: graphics.cfg 2016/06/04 v1.11 sample graphics configuration
)
Package graphics Info: Driver file: pdftex.def on input line 105.

(/usr/share/texlive/texmf-dist/tex/latex/graphics-def/pdftex.def
File: pdftex.def 2020/10/05 v1.2a Graphics/color driver for pdftex
))
\Gin@req@height=\dimen147
\Gin@req@width=\dimen148
)
(/usr/share/texlive/texmf-dist/tex/latex/tools/multicol.sty
Package: multicol 2019/12/09 v1.8y multicolumn formatting (FMi)
\c@tracingmulticols=\count191
\mult@box=\box47
\multicol@leftmargin=\dimen149
\c@unbalance=\count192
\c@collectmore=\count193
\doublecol@number=\count194
\multicoltolerance=\count195
\multicolpretolerance=\count196
\full@width=\dimen150
\page@free=\dimen151
\premulticols=\dimen152
\postmulticols=\dimen153
\multicolsep=\skip49
\multicolbaselineskip=\skip50
\partial@page=\box48
\last@line=\box49
\maxbalancingoverflow=\dimen154
\mult@rightbox=\box50
\mult@grightbox=\box51
\mult@gfirstbox=\box52
\mult@firstbox=\box53
\@tempa=\box54
\@tempa=\box55
\@tempa=\box56
\@tempa=\box57
\@tempa=\box58
\@tempa=\box59
\@tempa=\box60
\@tempa=\box61
\@tempa=\box62
\@tempa=\box63
\@tempa=\box64
\@tempa=\box65
\@tempa=\box66
\@tempa=\box67
\@tempa=\box68
\@tempa=\box69
\@tempa=\box70
\@tempa=\box71
\@tempa=\box72
\@tempa=\box73
\@tempa=\box74
\@tempa=\box75
\@tempa=\box76
\@tempa=\box77
\@tempa=\box78
\@tempa=\box79
\@tempa=\box80
\@tempa=\box81
\@tempa=\box82
\@tempa=\box83
\@tempa=\box84
\@tempa=\box85
\@tempa=\box86
\@tempa=\box87
\@tempa=\box88
\@tempa=\box89
\@tempa=\box90
\c@minrows=\count197
\c@columnbadness=\count198
\c@finalcolumnbadness=\count199
\last@try=\dimen155
\multicolovershoot=\dimen156
\multicolundershoot=\dimen157
\mult@nat@firstbox=\box91
\colbreak@box=\box92
\mc@col@check@num=\count266
)
(/usr/share/texlive/texmf-dist/tex/latex/pgf/utilities/pgffor.sty
(/usr/share/texlive/texmf-dist/tex/latex/pgf/utilities/pgfrcs.sty
(/usr/share/texlive/texmf-dist/tex/generic/pgf/utilities/pgfutil-common.tex
\pgfutil@everybye=\toks17
\pgfutil@tempdima=\dimen158
\pgfutil@tempdimb=\dimen159

(/usr/share/texlive/texmf-dist/tex/generic/pgf/utilities/pgfutil-common-lists.t
ex)) (/usr/share/texlive/texmf-dist/tex/generic/pgf/utilities/pgfutil-latex.def
\pgfutil@abb=\box93
) (/usr/share/texlive/texmf-dist/tex/generic/pgf/utilities/pgfrcs.code.tex
(/usr/share/texlive/texmf-dist/tex/generic/pgf/pgf.revision.tex)
Package: pgfrcs 2020/12/27 v3.1.8b (3.1.8b)
))
(/usr/share/texlive/texmf-dist/tex/latex/pgf/utilities/pgfkeys.sty
(/usr/share/texlive/texmf-dist/tex/generic/pgf/utilities/pgfkeys.code.tex
\pgfkeys@pathtoks=\toks18
\pgfkeys@temptoks=\toks19

(/usr/share/texlive/texmf-dist/tex/generic/pgf/utilities/pgfkeysfiltered.code.t
ex
\pgfkeys@tmptoks=\toks20
))) (/usr/share/texlive/texmf-dist/tex/latex/pgf/math/pgfmath.sty
(/usr/share/texlive/texmf-dist/tex/generic/pgf/math/pgfmath.code.tex
(/usr/share/texlive/texmf-dist/tex/generic/pgf/math/pgfmathcalc.code.tex
(/usr/share/texlive/texmf-dist/tex/generic/pgf/math/pgfmathutil.code.tex
\pgf@x=\dimen160
\pgf@xa=\dimen161
\pgf@xb=\dimen162
\pgf@xc=\dimen163
\pgf@y=\dimen164
\pgf@ya=\dimen165
\pgf@yb=\dimen166
\pgf@yc=\dimen167
\c@pgf@counta=\count267
\c@pgf@countb=\count268
\c@pgf@countc=\count269
\c@pgf@countd=\count270
)
(/usr/share/texlive/texmf-dist/tex/generic/pgf/math/pgfmathparser.code.tex
\pgfmath@dimen=\dimen168
\pgfmath@count=\count271
\pgfmath@box=\box94
\pgfmath@toks=\toks21
\pgfmath@stack@operand=\toks22
\pgfmath@stack@operation=\toks23
)
(/usr/share/texlive/texmf-dist/tex/generic/pgf/math/pgfmathfunctions.code.tex
(/usr/share/texlive/texmf-dist/tex/generic/pgf/math/pgfmathfunctions.basic.code
.tex)
(/usr/share/texlive/texmf-dist/tex/generic/pgf/math/pgfmathfunctions.trigonomet
ric.code.tex)
(/usr/share/texlive/texmf-dist/tex/generic/pgf/math/pgfmathfunctions.random.cod
e.tex)
(/usr/share/texlive/texmf-dist/tex/generic/pgf/math/pgfmathfunctions.comparison
.code.tex)
(/usr/share/texlive/texmf-dist/tex/generic/pgf/math/pgfmathfunctions.base.code.
tex)
(/usr/share/texlive/texmf-dist/tex/generic/pgf/math/pgfmathfunctions.round.code
.tex)
(/usr/share/texlive/texmf-dist/tex/generic/pgf/math/pgfmathfunctions.misc.code.
tex)
(/usr/share/texlive/texmf-dist/tex/generic/pgf/math/pgfmathfunctions.integerari
thmetics.code.tex)))
(/usr/share/texlive/texmf-dist/tex/generic/pgf/math/pgfmathfloat.code.tex
\c@pgfmathroundto@lastzeros=\count272
)))
(/usr/share/texlive/texmf-dist/tex/generic/pgf/utilities/pgffor.code.tex
Package: pgffor 2020/12/27 v3.1.8b (3.1.8b)

(/usr/share/texlive/texmf-dist/tex/generic/pgf/math/pgfmath.code.tex)
\pgffor@iter=\dimen169
\pgffor@skip=\dimen170
\pgffor@stack=\toks24
\pgffor@toks=\toks25
))
(/usr/share/texlive/texmf-dist/tex/latex/pgf/frontendlayer/tikz.sty
(/usr/share/texlive/texmf-dist/tex/latex/pgf/basiclayer/pgf.sty
Package: pgf 2020/12/27 v3.1.8b (3.1.8b)

(/usr/share/texlive/texmf-dist/tex/latex/pgf/basiclayer/pgfcore.sty
(/usr/share/texlive/texmf-dist/tex/latex/pgf/systemlayer/pgfsys.sty
(/usr/share/texlive/texmf-dist/tex/generic/pgf/systemlayer/pgfsys.code.tex
Package: pgfsys 2020/12/27 v3.1.8b (3.1.8b)

(/usr/share/texlive/texmf-dist/tex/generic/pgf/utilities/pgfkeys.code.tex)
\pgf@x=\dimen171
\pgf@y=\dimen172
\pgf@xa=\dimen173
\pgf@ya=\dimen174
\pgf@xb=\dimen175
\pgf@yb=\dimen176
\pgf@xc=\dimen177
\pgf@yc=\dimen178
\pgf@xd=\dimen179
\pgf@yd=\dimen180
\w@pgf@writea=\write3
\r@pgf@reada=\read2
\c@pgf@counta=\count273
\c@pgf@countb=\count274
\c@pgf@countc=\count275
\c@pgf@countd=\count276
\t@pgf@toka=\toks26
\t@pgf@tokb=\toks27
\t@pgf@tokc=\toks28
\pgf@sys@id@count=\count277

(/usr/share/texlive/texmf-dist/tex/generic/pgf/systemlayer/pgf.cfg
File: pgf.cfg 2020/12/27 v3.1.8b (3.1.8b)
)
Driver file for pgf: pgfsys-pdftex.def

(/usr/share/texlive/texmf-dist/tex/generic/pgf/systemlayer/pgfsys-pdftex.def
File: pgfsys-pdftex.def 2020/12/27 v3.1.8b (3.1.8b)

(/usr/share/texlive/texmf-dist/tex/generic/pgf/systemlayer/pgfsys-common-pdf.de
f
File: pgfsys-common-pdf.def 2020/12/27 v3.1.8b (3.1.8b)
)))
(/usr/share/texlive/texmf-dist/tex/generic/pgf/systemlayer/pgfsyssoftpath.code.
tex
File: pgfsyssoftpath.code.tex 2020/12/27 v3.1.8b (3.1.8b)
\pgfsyssoftpath@smallbuffer@items=\count278
\pgfsyssoftpath@bigbuffer@items=\count279
)
(/usr/share/texlive/texmf-dist/tex/generic/pgf/systemlayer/pgfsysprotocol.code.
tex
File: pgfsysprotocol.code.tex 2020/12/27 v3.1.8b (3.1.8b)
)) (/usr/share/texlive/texmf-dist/tex/latex/xcolor/xcolor.sty
Package: xcolor 2016/05/11 v2.12 LaTeX color extensions (UK)

(/usr/share/texlive/texmf-dist/tex/latex/graphics-cfg/color.cfg
File: color.cfg 2016/01/02 v1.6 sample color configuration
)
Package xcolor Info: Driver file: pdftex.def on input line 225.
Package xcolor Info: Model `cmy' substituted by `cmy0' on input line 1348.
Package xcolor Info: Model `hsb' substituted by `rgb' on input line 1352.
Package xcolor Info: Model `RGB' extended on input line 1364.
Package xcolor Info: Model `HTML' substituted by `rgb' on input line 1366.
Package xcolor Info: Model `Hsb' substituted by `hsb' on input line 1367.
Package xcolor Info: Model `tHsb' substituted by `hsb' on input line 1368.
Package xcolor Info: Model `HSB' substituted by `hsb' on input line 1369.
Package xcolor Info: Model `Gray' substituted by `gray' on input line 1370.
Package xcolor Info: Model `wave' substituted by `hsb' on input line 1371.
)
(/usr/share/texlive/texmf-dist/tex/generic/pgf/basiclayer/pgfcore.code.tex
Package: pgfcore 2020/12/27 v3.1.8b (3.1.8b)

(/usr/share/texlive/texmf-dist/tex/generic/pgf/math/pgfmath.code.tex)
(/usr/share/texlive/texmf-dist/tex/generic/pgf/math/pgfint.code.tex)
(/usr/share/texlive/texmf-dist/tex/generic/pgf/basiclayer/pgfcorepoints.code.te
x
File: pgfcorepoints.code.tex 2020/12/27 v3.1.8b (3.1.8b)
\pgf@picminx=\dimen181
\pgf@picmaxx=\dimen182
\pgf@picminy=\dimen183
\pgf@picmaxy=\dimen184
\pgf@pathminx=\dimen185
\pgf@pathmaxx=\dimen186
\pgf@pathminy=\dimen187
\pgf@pathmaxy=\dimen188
\pgf@xx=\dimen189
\pgf@xy=\dimen190
\pgf@yx=\dimen191
\pgf@yy=\dimen192
\pgf@zx=\dimen193
\pgf@zy=\dimen194
)
(/usr/share/texlive/texmf-dist/tex/generic/pgf/basiclayer/pgfcorepathconstruct.
code.tex
File: pgfcorepathconstruct.code.tex 2020/12/27 v3.1.8b (3.1.8b)
\pgf@path@lastx=\dimen195
\pgf@path@lasty=\dimen196
)
(/usr/share/texlive/texmf-dist/tex/generic/pgf/basiclayer/pgfcorepathusage.code
.tex
File: pgfcorepathusage.code.tex 2020/12/27 v3.1.8b (3.1.8b)
\pgf@shorten@end@additional=\dimen197
\pgf@shorten@start@additional=\dimen198
)
(/usr/share/texlive/texmf-dist/tex/generic/pgf/basiclayer/pgfcorescopes.code.te
x
File: pgfcorescopes.code.tex 2020/12/27 v3.1.8b (3.1.8b)
\pgfpic=\box95
\pgf@hbox=\box96
\pgf@layerbox@main=\box97
\pgf@picture@serial@count=\count280
)
(/usr/share/texlive/texmf-dist/tex/generic/pgf/basiclayer/pgfcoregraphicstate.c
ode.tex
File: pgfcoregraphicstate.code.tex 2020/12/27 v3.1.8b (3.1.8b)
\pgflinewidth=\dimen199
)
(/usr/share/texlive/texmf-dist/tex/generic/pgf/basiclayer/pgfcoretransformation
s.code.tex
File: pgfcoretransformations.code.tex 2020/12/27 v3.1.8b (3.1.8b)
\pgf@pt@x=\dimen256
\pgf@pt@y=\dimen257
\pgf@pt@temp=\dimen258
)
(/usr/share/texlive/texmf-dist/tex/generic/pgf/basiclayer/pgfcorequick.code.tex
File: pgfcorequick.code.tex 2020/12/27 v3.1.8b (3.1.8b)
)
(/usr/share/texlive/texmf-dist/tex/generic/pgf/basiclayer/pgfcoreobjects.code.t
ex
File: pgfcoreobjects.code.tex 2020/12/27 v3.1.8b (3.1.8b)
)
(/usr/share/texlive/texmf-dist/tex/generic/pgf/basiclayer/pgfcorepathprocessing
.code.tex
File: pgfcorepathprocessing.code.tex 2020/12/27 v3.1.8b (3.1.8b)
)
(/usr/share/texlive/texmf-dist/tex/generic/pgf/basiclayer/pgfcorearrows.code.te
x
File: pgfcorearrows.code.tex 2020/12/27 v3.1.8b (3.1.8b)
\pgfarrowsep=\dimen259
)
(/usr/share/texlive/texmf-dist/tex/generic/pgf/basiclayer/pgfcoreshade.code.tex
File: pgfcoreshade.code.tex 2020/12/27 v3.1.8b (3.1.8b)
\pgf@max=\dimen260
\pgf@sys@shading@range@num=\count281
\pgf@shadingcount=\count282
)
(/usr/share/texlive/texmf-dist/tex/generic/pgf/basiclayer/pgfcoreimage.code.tex
File: pgfcoreimage.code.tex 2020/12/27 v3.1.8b (3.1.8b)

(/usr/share/texlive/texmf-dist/tex/generic/pgf/basiclayer/pgfcoreexternal.code.
tex
File: pgfcoreexternal.code.tex 2020/12/27 v3.1.8b (3.1.8b)
\pgfexternal@startupbox=\box98
))
(/usr/share/texlive/texmf-dist/tex/generic/pgf/basiclayer/pgfcorelayers.code.te
x
File: pgfcorelayers.code.tex 2020/12/27 v3.1.8b (3.1.8b)
)
(/usr/share/texlive/texmf-dist/tex/generic/pgf/basiclayer/pgfcoretransparency.c
ode.tex
File: pgfcoretransparency.code.tex 2020/12/27 v3.1.8b (3.1.8b)
)
(/usr/share/texlive/texmf-dist/tex/generic/pgf/basiclayer/pgfcorepatterns.code.
tex
File: pgfcorepatterns.code.tex 2020/12/27 v3.1.8b (3.1.8b)
)
(/usr/share/texlive/texmf-dist/tex/generic/pgf/basiclayer/pgfcorerdf.code.tex
File: pgfcorerdf.code.tex 2020/12/27 v3.1.8b (3.1.8b)
)))
(/usr/share/texlive/texmf-dist/tex/generic/pgf/modules/pgfmoduleshapes.code.tex
File: pgfmoduleshapes.code.tex 2020/12/27 v3.1.8b (3.1.8b)
\pgfnodeparttextbox=\box99
) (/usr/share/texlive/texmf-dist/tex/generic/pgf/modules/pgfmoduleplot.code.tex
File: pgfmoduleplot.code.tex 2020/12/27 v3.1.8b (3.1.8b)
)
(/usr/share/texlive/texmf-dist/tex/latex/pgf/compatibility/pgfcomp-version-0-65
.sty
Package: pgfcomp-version-0-65 2020/12/27 v3.1.8b (3.1.8b)
\pgf@nodesepstart=\dimen261
\pgf@nodesepend=\dimen262
)
(/usr/share/texlive/texmf-dist/tex/latex/pgf/compatibility/pgfcomp-version-1-18
.sty
Package: pgfcomp-version-1-18 2020/12/27 v3.1.8b (3.1.8b)
))
(/usr/share/texlive/texmf-dist/tex/generic/pgf/frontendlayer/tikz/tikz.code.tex
Package: tikz 2020/12/27 v3.1.8b (3.1.8b)

(/usr/share/texlive/texmf-dist/tex/generic/pgf/libraries/pgflibraryplothandlers
.code.tex
File: pgflibraryplothandlers.code.tex 2020/12/27 v3.1.8b (3.1.8b)
\pgf@plot@mark@count=\count283
\pgfplotmarksize=\dimen263
)
\tikz@lastx=\dimen264
\tikz@lasty=\dimen265
\tikz@lastxsaved=\dimen266
\tikz@lastysaved=\dimen267
\tikz@lastmovetox=\dimen268
\tikz@lastmovetoy=\dimen269
\tikzleveldistance=\dimen270
\tikzsiblingdistance=\dimen271
\tikz@figbox=\box100
\tikz@figbox@bg=\box101
\tikz@tempbox=\box102
\tikz@tempbox@bg=\box103
\tikztreelevel=\count284
\tikznumberofchildren=\count285
\tikznumberofcurrentchild=\count286
\tikz@fig@count=\count287

(/usr/share/texlive/texmf-dist/tex/generic/pgf/modules/pgfmodulematrix.code.tex
File: pgfmodulematrix.code.tex 2020/12/27 v3.1.8b (3.1.8b)
\pgfmatrixcurrentrow=\count288
\pgfmatrixcurrentcolumn=\count289
\pgf@matrix@numberofcolumns=\count290
)
\tikz@expandcount=\count291

(/usr/share/texlive/texmf-dist/tex/generic/pgf/frontendlayer/tikz/libraries/tik
zlibrarytopaths.code.tex
File: tikzlibrarytopaths.code.tex 2020/12/27 v3.1.8b (3.1.8b)
)))
(/usr/share/texlive/texmf-dist/tex/latex/caption/caption.sty
Package: caption 2020/10/26 v3.5g Customizing captions (AR)

(/usr/share/texlive/texmf-dist/tex/latex/caption/caption3.sty
Package: caption3 2020/10/21 v2.2e caption3 kernel (AR)
\captionmargin=\dimen272
\captionmargin@=\dimen273
\captionwidth=\dimen274
\caption@tempdima=\dimen275
\caption@indent=\dimen276
\caption@parindent=\dimen277
\caption@hangindent=\dimen278
Package caption Info: Standard document class detected.
)
\c@caption@flags=\count292
\c@continuedfloat=\count293
)
(/usr/share/texlive/texmf-dist/tex/latex/amsmath/amsmath.sty
Package: amsmath 2020/09/23 v2.17i AMS math features
\@mathmargin=\skip51

For additional information on amsmath, use the `?' option.
(/usr/share/texlive/texmf-dist/tex/latex/amsmath/amstext.sty
Package: amstext 2000/06/29 v2.01 AMS text

(/usr/share/texlive/texmf-dist/tex/latex/amsmath/amsgen.sty
File: amsgen.sty 1999/11/30 v2.0 generic functions
\@emptytoks=\toks29
\ex@=\dimen279
))
(/usr/share/texlive/texmf-dist/tex/latex/amsmath/amsbsy.sty
Package: amsbsy 1999/11/29 v1.2d Bold Symbols
\pmbraise@=\dimen280
)
(/usr/share/texlive/texmf-dist/tex/latex/amsmath/amsopn.sty
Package: amsopn 2016/03/08 v2.02 operator names
)
\inf@bad=\count294
LaTeX Info: Redefining \frac on input line 234.
\uproot@=\count295
\leftroot@=\count296
LaTeX Info: Redefining \overline on input line 399.
\classnum@=\count297
\DOTSCASE@=\count298
LaTeX Info: Redefining \ldots on input line 496.
LaTeX Info: Redefining \dots on input line 499.
LaTeX Info: Redefining \cdots on input line 620.
\Mathstrutbox@=\box104
\strutbox@=\box105
\big@size=\dimen281
LaTeX Font Info:    Redeclaring font encoding OML on input line 743.
LaTeX Font Info:    Redeclaring font encoding OMS on input line 744.
\macc@depth=\count299
\c@MaxMatrixCols=\count300
\dotsspace@=\muskip16
\c@parentequation=\count301
\dspbrk@lvl=\count302
\tag@help=\toks30
\row@=\count303
\column@=\count304
\maxfields@=\count305
\andhelp@=\toks31
\eqnshift@=\dimen282
\alignsep@=\dimen283
\tagshift@=\dimen284
\tagwidth@=\dimen285
\totwidth@=\dimen286
\lineht@=\dimen287
\@envbody=\toks32
\multlinegap=\skip52
\multlinetaggap=\skip53
\mathdisplay@stack=\toks33
LaTeX Info: Redefining \[ on input line 2923.
LaTeX Info: Redefining \] on input line 2924.
)

Package geometry Warning: Over-specification in `h'-direction.
    `width' (483.69684pt) is ignored.

(/usr/share/texlive/texmf-dist/tex/latex/l3backend/l3backend-pdftex.def
File: l3backend-pdftex.def 2021-03-18 L3 backend support: PDF output (pdfTeX)
\l__color_backend_stack_int=\count306
\l__pdf_internal_box=\box106
)
(./main.aux)
\openout1 = `main.aux'.

LaTeX Font Info:    Checking defaults for OML/cmm/m/it on input line 23.
LaTeX Font Info:    ... okay on input line 23.
LaTeX Font Info:    Checking defaults for OMS/cmsy/m/n on input line 23.
LaTeX Font Info:    ... okay on input line 23.
LaTeX Font Info:    Checking defaults for OT1/cmr/m/n on input line 23.
LaTeX Font Info:    ... okay on input line 23.
LaTeX Font Info:    Checking defaults for T1/cmr/m/n on input line 23.
LaTeX Font Info:    ... okay on input line 23.
LaTeX Font Info:    Checking defaults for TS1/cmr/m/n on input line 23.
LaTeX Font Info:    ... okay on input line 23.
LaTeX Font Info:    Checking defaults for OMX/cmex/m/n on input line 23.
LaTeX Font Info:    ... okay on input line 23.
LaTeX Font Info:    Checking defaults for U/cmr/m/n on input line 23.
LaTeX Font Info:    ... okay on input line 23.

*geometry* driver: auto-detecting
*geometry* detected driver: pdftex
*geometry* verbose mode - [ preamble ] result:
* driver: pdftex
* paper: a4paper
* layout: <same size as paper>
* layoutoffset:(h,v)=(0.0pt,0.0pt)
* modes: 
* h-part:(L,W,R)=(14.22636pt, 554.82877pt, 28.45274pt)
* v-part:(T,H,B)=(56.9055pt, 731.23582pt, 56.90552pt)
* \paperwidth=597.50787pt
* \paperheight=845.04684pt
* \textwidth=554.82877pt
* \textheight=731.23582pt
* \oddsidemargin=-58.04362pt
* \evensidemargin=-58.04362pt
* \topmargin=-52.36449pt
* \headheight=12.0pt
* \headsep=25.0pt
* \topskip=10.0pt
* \footskip=30.0pt
* \marginparwidth=65.0pt
* \marginparsep=11.0pt
* \columnsep=10.0pt
* \skip\footins=9.0pt plus 4.0pt minus 2.0pt
* \hoffset=0.0pt
* \voffset=0.0pt
* \mag=1000
* \@twocolumnfalse
* \@twosidefalse
* \@mparswitchfalse
* \@reversemarginfalse
* (1in=72.27pt=25.4mm, 1cm=28.453pt)

(/usr/share/texlive/texmf-dist/tex/context/base/mkii/supp-pdf.mkii
[Loading MPS to PDF converter (version 2006.09.02).]
\scratchcounter=\count307
\scratchdimen=\dimen288
\scratchbox=\box107
\nofMPsegments=\count308
\nofMParguments=\count309
\everyMPshowfont=\toks34
\MPscratchCnt=\count310
\MPscratchDim=\dimen289
\MPnumerator=\count311
\makeMPintoPDFobject=\count312
\everyMPtoPDFconversion=\toks35
) (/usr/share/texlive/texmf-dist/tex/latex/epstopdf-pkg/epstopdf-base.sty
Package: epstopdf-base 2020-01-24 v2.11 Base part for package epstopdf

(/usr/share/texlive/texmf-dist/tex/generic/infwarerr/infwarerr.sty
Package: infwarerr 2019/12/03 v1.5 Providing info/warning/error messages (HO)
)
(/usr/share/texlive/texmf-dist/tex/latex/grfext/grfext.sty
Package: grfext 2019/12/03 v1.3 Manage graphics extensions (HO)

(/usr/share/texlive/texmf-dist/tex/generic/kvdefinekeys/kvdefinekeys.sty
Package: kvdefinekeys 2019-12-19 v1.6 Define keys (HO)
))
(/usr/share/texlive/texmf-dist/tex/latex/kvoptions/kvoptions.sty
Package: kvoptions 2020-10-07 v3.14 Key value format for package options (HO)

(/usr/share/texlive/texmf-dist/tex/generic/ltxcmds/ltxcmds.sty
Package: ltxcmds 2020-05-10 v1.25 LaTeX kernel commands for general use (HO)
)
(/usr/share/texlive/texmf-dist/tex/generic/kvsetkeys/kvsetkeys.sty
Package: kvsetkeys 2019/12/15 v1.18 Key value parser (HO)
))
(/usr/share/texlive/texmf-dist/tex/generic/pdftexcmds/pdftexcmds.sty
Package: pdftexcmds 2020-06-27 v0.33 Utility functions of pdfTeX for LuaTeX (HO
)
Package pdftexcmds Info: \pdf@primitive is available.
Package pdftexcmds Info: \pdf@ifprimitive is available.
Package pdftexcmds Info: \pdfdraftmode found.
)
Package epstopdf-base Info: Redefining graphics rule for `.eps' on input line 4
85.
Package grfext Info: Graphics extension search list:
(grfext)             [.pdf,.png,.jpg,.mps,.jpeg,.jbig2,.jb2,.PDF,.PNG,.JPG,.JPE
G,.JBIG2,.JB2,.eps]
(grfext)             \AppendGraphicsExtensions on input line 504.

(/usr/share/texlive/texmf-dist/tex/latex/latexconfig/epstopdf-sys.cfg
File: epstopdf-sys.cfg 2010/07/13 v1.3 Configuration of (r)epstopdf for TeX Liv
e
))
Package caption Info: Begin \AtBeginDocument code.
Package caption Info: End \AtBeginDocument code.

[1

{/usr/share/texlive/texmf-dist/fonts/map/pdftex/updmap/pdftex.map}]
LaTeX Font Info:    Trying to load font information for T1+cmtt on input line 3
0.

(/usr/share/texlive/texmf-dist/tex/latex/base/t1cmtt.fd
File: t1cmtt.fd 2019/12/16 v2.5j Standard LaTeX font definitions
) [1]
</work/clas12/ouillon/Analysis_RG-D/plots_Matt_Study/CxC/electron_kinematics/pd
f/chi2_e.pdf, id=28, 569.12625pt x 408.52625pt>
File: /work/clas12/ouillon/Analysis_RG-D/plots_Matt_Study/CxC/electron_kinemati
cs/pdf/chi2_e.pdf Graphic file (type pdf)
<use /work/clas12/ouillon/Analysis_RG-D/plots_Matt_Study/CxC/electron_kinematic
s/pdf/chi2_e.pdf>
Package pdftex.def Info: /work/clas12/ouillon/Analysis_RG-D/plots_Matt_Study/Cx
C/electron_kinematics/pdf/chi2_e.pdf  used on input line 86.
(pdftex.def)             Requested size: 280.0pt x 200.99622pt.

Overfull \hbox (2.58562pt too wide) in paragraph at lines 86--87
 [][] 
 []

</work/clas12/ouillon/Analysis_RG-D/plots_Matt_Study/CxC/electron_kinematics/pd
f/p_e.pdf, id=29, 569.12625pt x 408.52625pt>
File: /work/clas12/ouillon/Analysis_RG-D/plots_Matt_Study/CxC/electron_kinemati
cs/pdf/p_e.pdf Graphic file (type pdf)
<use /work/clas12/ouillon/Analysis_RG-D/plots_Matt_Study/CxC/electron_kinematic
s/pdf/p_e.pdf>
Package pdftex.def Info: /work/clas12/ouillon/Analysis_RG-D/plots_Matt_Study/Cx
C/electron_kinematics/pdf/p_e.pdf  used on input line 90.
(pdftex.def)             Requested size: 280.0pt x 200.99622pt.

Overfull \hbox (2.58562pt too wide) in paragraph at lines 90--91
 [][] 
 []


Overfull \hbox (2.22168pt too wide) in paragraph at lines 84--92
$[]$ $[]$ 
 []

</work/clas12/ouillon/Analysis_RG-D/plots_Matt_Study/CxC/electron_kinematics/pd
f/vz_e.pdf, id=30, 569.12625pt x 408.52625pt>
File: /work/clas12/ouillon/Analysis_RG-D/plots_Matt_Study/CxC/electron_kinemati
cs/pdf/vz_e.pdf Graphic file (type pdf)
<use /work/clas12/ouillon/Analysis_RG-D/plots_Matt_Study/CxC/electron_kinematic
s/pdf/vz_e.pdf>
Package pdftex.def Info: /work/clas12/ouillon/Analysis_RG-D/plots_Matt_Study/Cx
C/electron_kinematics/pdf/vz_e.pdf  used on input line 95.
(pdftex.def)             Requested size: 280.0pt x 200.99622pt.

Overfull \hbox (2.58562pt too wide) in paragraph at lines 95--96
 [][] 
 []

</work/clas12/ouillon/Analysis_RG-D/plots_Matt_Study/CxC/electron_kinematics/pd
f/phi_e.pdf, id=31, 569.12625pt x 408.52625pt>
File: /work/clas12/ouillon/Analysis_RG-D/plots_Matt_Study/CxC/electron_kinemati
cs/pdf/phi_e.pdf Graphic file (type pdf)
<use /work/clas12/ouillon/Analysis_RG-D/plots_Matt_Study/CxC/electron_kinematic
s/pdf/phi_e.pdf>
Package pdftex.def Info: /work/clas12/ouillon/Analysis_RG-D/plots_Matt_Study/Cx
C/electron_kinematics/pdf/phi_e.pdf  used on input line 99.
(pdftex.def)             Requested size: 280.0pt x 200.99622pt.

Overfull \hbox (2.58562pt too wide) in paragraph at lines 99--100
 [][] 
 []


Overfull \hbox (17.22168pt too wide) in paragraph at lines 93--101
[]$[]$ $[]$ 
 []

</work/clas12/ouillon/Analysis_RG-D/plots_Matt_Study/CxC/electron_kinematics/pd
f/theta_e.pdf, id=32, 569.12625pt x 408.52625pt>
File: /work/clas12/ouillon/Analysis_RG-D/plots_Matt_Study/CxC/electron_kinemati
cs/pdf/theta_e.pdf Graphic file (type pdf)
<use /work/clas12/ouillon/Analysis_RG-D/plots_Matt_Study/CxC/electron_kinematic
s/pdf/theta_e.pdf>
Package pdftex.def Info: /work/clas12/ouillon/Analysis_RG-D/plots_Matt_Study/Cx
C/electron_kinematics/pdf/theta_e.pdf  used on input line 104.
(pdftex.def)             Requested size: 280.0pt x 200.99622pt.

Overfull \hbox (2.58562pt too wide) in paragraph at lines 104--105
 [][] 
 []

</work/clas12/ouillon/Analysis_RG-D/plots_Matt_Study/CxC/allPionPlus_kinematics
/pdf/chi2_pion_plus.pdf, id=33, 569.12625pt x 408.52625pt>
File: /work/clas12/ouillon/Analysis_RG-D/plots_Matt_Study/CxC/allPionPlus_kinem
atics/pdf/chi2_pion_plus.pdf Graphic file (type pdf)
<use /work/clas12/ouillon/Analysis_RG-D/plots_Matt_Study/CxC/allPionPlus_kinema
tics/pdf/chi2_pion_plus.pdf>
Package pdftex.def Info: /work/clas12/ouillon/Analysis_RG-D/plots_Matt_Study/Cx
C/allPionPlus_kinematics/pdf/chi2_pion_plus.pdf  used on input line 112.
(pdftex.def)             Requested size: 280.0pt x 200.99622pt.

Overfull \hbox (2.58562pt too wide) in paragraph at lines 112--113
 [][] 
 []

</work/clas12/ouillon/Analysis_RG-D/plots_Matt_Study/CxC/allPionPlus_kinematics
/pdf/p_pion_plus.pdf, id=34, 569.12625pt x 408.52625pt>
File: /work/clas12/ouillon/Analysis_RG-D/plots_Matt_Study/CxC/allPionPlus_kinem
atics/pdf/p_pion_plus.pdf Graphic file (type pdf)
<use /work/clas12/ouillon/Analysis_RG-D/plots_Matt_Study/CxC/allPionPlus_kinema
tics/pdf/p_pion_plus.pdf>
Package pdftex.def Info: /work/clas12/ouillon/Analysis_RG-D/plots_Matt_Study/Cx
C/allPionPlus_kinematics/pdf/p_pion_plus.pdf  used on input line 116.
(pdftex.def)             Requested size: 280.0pt x 200.99622pt.

Overfull \hbox (2.58562pt too wide) in paragraph at lines 116--117
 [][] 
 []


Overfull \hbox (2.22168pt too wide) in paragraph at lines 110--118
$[]$ $[]$ 
 []

[2 </work/clas12/ouillon/Analysis_RG-D/plots_Matt_Study/CxC/electron_kinematics
/pdf/chi2_e.pdf, page is rotated 90 degrees> </work/clas12/ouillon/Analysis_RG-
D/plots_Matt_Study/CxC/electron_kinematics/pdf/p_e.pdf, page is rotated 90 degr
ees> </work/clas12/ouillon/Analysis_RG-D/plots_Matt_Study/CxC/electron_kinemati
cs/pdf/vz_e.pdf, page is rotated 90 degrees> </work/clas12/ouillon/Analysis_RG-
D/plots_Matt_Study/CxC/electron_kinematics/pdf/phi_e.pdf, page is rotated 90 de
grees> </work/clas12/ouillon/Analysis_RG-D/plots_Matt_Study/CxC/electron_kinema
tics/pdf/theta_e.pdf, page is rotated 90 degrees>]
</work/clas12/ouillon/Analysis_RG-D/plots_Matt_Study/CxC/allPionPlus_kinematics
/pdf/vz_pion_plus.pdf, id=253, 569.12625pt x 408.52625pt>
File: /work/clas12/ouillon/Analysis_RG-D/plots_Matt_Study/CxC/allPionPlus_kinem
atics/pdf/vz_pion_plus.pdf Graphic file (type pdf)
<use /work/clas12/ouillon/Analysis_RG-D/plots_Matt_Study/CxC/allPionPlus_kinema
tics/pdf/vz_pion_plus.pdf>
Package pdftex.def Info: /work/clas12/ouillon/Analysis_RG-D/plots_Matt_Study/Cx
C/allPionPlus_kinematics/pdf/vz_pion_plus.pdf  used on input line 121.
(pdftex.def)             Requested size: 280.0pt x 200.99622pt.

Overfull \hbox (2.58562pt too wide) in paragraph at lines 121--122
 [][] 
 []

</work/clas12/ouillon/Analysis_RG-D/plots_Matt_Study/CxC/allPionPlus_kinematics
/pdf/phi_pion_plus.pdf, id=254, 569.12625pt x 408.52625pt>
File: /work/clas12/ouillon/Analysis_RG-D/plots_Matt_Study/CxC/allPionPlus_kinem
atics/pdf/phi_pion_plus.pdf Graphic file (type pdf)
<use /work/clas12/ouillon/Analysis_RG-D/plots_Matt_Study/CxC/allPionPlus_kinema
tics/pdf/phi_pion_plus.pdf>
Package pdftex.def Info: /work/clas12/ouillon/Analysis_RG-D/plots_Matt_Study/Cx
C/allPionPlus_kinematics/pdf/phi_pion_plus.pdf  used on input line 125.
(pdftex.def)             Requested size: 280.0pt x 200.99622pt.

Overfull \hbox (2.58562pt too wide) in paragraph at lines 125--126
 [][] 
 []


Overfull \hbox (17.22168pt too wide) in paragraph at lines 119--127
[]$[]$ $[]$ 
 []

</work/clas12/ouillon/Analysis_RG-D/plots_Matt_Study/CxC/allPionPlus_kinematics
/pdf/theta_pion_plus.pdf, id=255, 569.12625pt x 408.52625pt>
File: /work/clas12/ouillon/Analysis_RG-D/plots_Matt_Study/CxC/allPionPlus_kinem
atics/pdf/theta_pion_plus.pdf Graphic file (type pdf)
<use /work/clas12/ouillon/Analysis_RG-D/plots_Matt_Study/CxC/allPionPlus_kinema
tics/pdf/theta_pion_plus.pdf>
Package pdftex.def Info: /work/clas12/ouillon/Analysis_RG-D/plots_Matt_Study/Cx
C/allPionPlus_kinematics/pdf/theta_pion_plus.pdf  used on input line 130.
(pdftex.def)             Requested size: 280.0pt x 200.99622pt.

Overfull \hbox (2.58562pt too wide) in paragraph at lines 130--131
 [][] 
 []

</work/clas12/ouillon/Analysis_RG-D/plots_Matt_Study/CxC/allPionMinus_kinematic
s/pdf/chi2_pion_minus.pdf, id=256, 569.12625pt x 408.52625pt>
File: /work/clas12/ouillon/Analysis_RG-D/plots_Matt_Study/CxC/allPionMinus_kine
matics/pdf/chi2_pion_minus.pdf Graphic file (type pdf)
<use /work/clas12/ouillon/Analysis_RG-D/plots_Matt_Study/CxC/allPionMinus_kinem
atics/pdf/chi2_pion_minus.pdf>
Package pdftex.def Info: /work/clas12/ouillon/Analysis_RG-D/plots_Matt_Study/Cx
C/allPionMinus_kinematics/pdf/chi2_pion_minus.pdf  used on input line 138.
(pdftex.def)             Requested size: 280.0pt x 200.99622pt.

Overfull \hbox (2.58562pt too wide) in paragraph at lines 138--139
 [][] 
 []

</work/clas12/ouillon/Analysis_RG-D/plots_Matt_Study/CxC/allPionMinus_kinematic
s/pdf/p_pion_minus.pdf, id=257, 569.12625pt x 408.52625pt>
File: /work/clas12/ouillon/Analysis_RG-D/plots_Matt_Study/CxC/allPionMinus_kine
matics/pdf/p_pion_minus.pdf Graphic file (type pdf)
<use /work/clas12/ouillon/Analysis_RG-D/plots_Matt_Study/CxC/allPionMinus_kinem
atics/pdf/p_pion_minus.pdf>
Package pdftex.def Info: /work/clas12/ouillon/Analysis_RG-D/plots_Matt_Study/Cx
C/allPionMinus_kinematics/pdf/p_pion_minus.pdf  used on input line 142.
(pdftex.def)             Requested size: 280.0pt x 200.99622pt.

Overfull \hbox (2.58562pt too wide) in paragraph at lines 142--143
 [][] 
 []


Overfull \hbox (2.22168pt too wide) in paragraph at lines 136--144
$[]$ $[]$ 
 []

[3 </work/clas12/ouillon/Analysis_RG-D/plots_Matt_Study/CxC/allPionPlus_kinemat
ics/pdf/chi2_pion_plus.pdf, page is rotated 90 degrees> </work/clas12/ouillon/A
nalysis_RG-D/plots_Matt_Study/CxC/allPionPlus_kinematics/pdf/p_pion_plus.pdf, p
age is rotated 90 degrees> </work/clas12/ouillon/Analysis_RG-D/plots_Matt_Study
/CxC/allPionPlus_kinematics/pdf/vz_pion_plus.pdf, page is rotated 90 degrees> <
/work/clas12/ouillon/Analysis_RG-D/plots_Matt_Study/CxC/allPionPlus_kinematics/
pdf/phi_pion_plus.pdf, page is rotated 90 degrees> </work/clas12/ouillon/Analys
is_RG-D/plots_Matt_Study/CxC/allPionPlus_kinematics/pdf/theta_pion_plus.pdf, pa
ge is rotated 90 degrees>]
</work/clas12/ouillon/Analysis_RG-D/plots_Matt_Study/CxC/allPionMinus_kinematic
s/pdf/vz_pion_minus.pdf, id=479, 569.12625pt x 408.52625pt>
File: /work/clas12/ouillon/Analysis_RG-D/plots_Matt_Study/CxC/allPionMinus_kine
matics/pdf/vz_pion_minus.pdf Graphic file (type pdf)
<use /work/clas12/ouillon/Analysis_RG-D/plots_Matt_Study/CxC/allPionMinus_kinem
atics/pdf/vz_pion_minus.pdf>
Package pdftex.def Info: /work/clas12/ouillon/Analysis_RG-D/plots_Matt_Study/Cx
C/allPionMinus_kinematics/pdf/vz_pion_minus.pdf  used on input line 147.
(pdftex.def)             Requested size: 280.0pt x 200.99622pt.

Overfull \hbox (2.58562pt too wide) in paragraph at lines 147--148
 [][] 
 []

</work/clas12/ouillon/Analysis_RG-D/plots_Matt_Study/CxC/allPionMinus_kinematic
s/pdf/phi_pion_minus.pdf, id=480, 569.12625pt x 408.52625pt>
File: /work/clas12/ouillon/Analysis_RG-D/plots_Matt_Study/CxC/allPionMinus_kine
matics/pdf/phi_pion_minus.pdf Graphic file (type pdf)
<use /work/clas12/ouillon/Analysis_RG-D/plots_Matt_Study/CxC/allPionMinus_kinem
atics/pdf/phi_pion_minus.pdf>
Package pdftex.def Info: /work/clas12/ouillon/Analysis_RG-D/plots_Matt_Study/Cx
C/allPionMinus_kinematics/pdf/phi_pion_minus.pdf  used on input line 151.
(pdftex.def)             Requested size: 280.0pt x 200.99622pt.

Overfull \hbox (2.58562pt too wide) in paragraph at lines 151--152
 [][] 
 []


Overfull \hbox (17.22168pt too wide) in paragraph at lines 145--153
[]$[]$ $[]$ 
 []

</work/clas12/ouillon/Analysis_RG-D/plots_Matt_Study/CxC/allPionMinus_kinematic
s/pdf/theta_pion_minus.pdf, id=481, 569.12625pt x 408.52625pt>
File: /work/clas12/ouillon/Analysis_RG-D/plots_Matt_Study/CxC/allPionMinus_kine
matics/pdf/theta_pion_minus.pdf Graphic file (type pdf)
<use /work/clas12/ouillon/Analysis_RG-D/plots_Matt_Study/CxC/allPionMinus_kinem
atics/pdf/theta_pion_minus.pdf>
Package pdftex.def Info: /work/clas12/ouillon/Analysis_RG-D/plots_Matt_Study/Cx
C/allPionMinus_kinematics/pdf/theta_pion_minus.pdf  used on input line 156.
(pdftex.def)             Requested size: 280.0pt x 200.99622pt.

Overfull \hbox (2.58562pt too wide) in paragraph at lines 156--157
 [][] 
 []

</work/clas12/ouillon/Analysis_RG-D/plots_Matt_Study/CxC/event_kinematics/pdf/Q
2.pdf, id=482, 569.12625pt x 408.52625pt>
File: /work/clas12/ouillon/Analysis_RG-D/plots_Matt_Study/CxC/event_kinematics/
pdf/Q2.pdf Graphic file (type pdf)
<use /work/clas12/ouillon/Analysis_RG-D/plots_Matt_Study/CxC/event_kinematics/p
df/Q2.pdf>
Package pdftex.def Info: /work/clas12/ouillon/Analysis_RG-D/plots_Matt_Study/Cx
C/event_kinematics/pdf/Q2.pdf  used on input line 164.
(pdftex.def)             Requested size: 280.0pt x 200.99622pt.

Overfull \hbox (2.58562pt too wide) in paragraph at lines 164--165
 [][] 
 []

</work/clas12/ouillon/Analysis_RG-D/plots_Matt_Study/CxC/event_kinematics/pdf/n
u.pdf, id=483, 569.12625pt x 408.52625pt>
File: /work/clas12/ouillon/Analysis_RG-D/plots_Matt_Study/CxC/event_kinematics/
pdf/nu.pdf Graphic file (type pdf)
<use /work/clas12/ouillon/Analysis_RG-D/plots_Matt_Study/CxC/event_kinematics/p
df/nu.pdf>
Package pdftex.def Info: /work/clas12/ouillon/Analysis_RG-D/plots_Matt_Study/Cx
C/event_kinematics/pdf/nu.pdf  used on input line 168.
(pdftex.def)             Requested size: 280.0pt x 200.99622pt.

Overfull \hbox (2.58562pt too wide) in paragraph at lines 168--169
 [][] 
 []


Overfull \hbox (2.22168pt too wide) in paragraph at lines 162--170
$[]$ $[]$ 
 []

[4 </work/clas12/ouillon/Analysis_RG-D/plots_Matt_Study/CxC/allPionMinus_kinema
tics/pdf/chi2_pion_minus.pdf, page is rotated 90 degrees> </work/clas12/ouillon
/Analysis_RG-D/plots_Matt_Study/CxC/allPionMinus_kinematics/pdf/p_pion_minus.pd
f, page is rotated 90 degrees> </work/clas12/ouillon/Analysis_RG-D/plots_Matt_S
tudy/CxC/allPionMinus_kinematics/pdf/vz_pion_minus.pdf, page is rotated 90 degr
ees> </work/clas12/ouillon/Analysis_RG-D/plots_Matt_Study/CxC/allPionMinus_kine
matics/pdf/phi_pion_minus.pdf, page is rotated 90 degrees> </work/clas12/ouillo
n/Analysis_RG-D/plots_Matt_Study/CxC/allPionMinus_kinematics/pdf/theta_pion_min
us.pdf, page is rotated 90 degrees>]
</work/clas12/ouillon/Analysis_RG-D/plots_Matt_Study/CxC/event_kinematics/pdf/W
.pdf, id=704, 569.12625pt x 408.52625pt>
File: /work/clas12/ouillon/Analysis_RG-D/plots_Matt_Study/CxC/event_kinematics/
pdf/W.pdf Graphic file (type pdf)
<use /work/clas12/ouillon/Analysis_RG-D/plots_Matt_Study/CxC/event_kinematics/p
df/W.pdf>
Package pdftex.def Info: /work/clas12/ouillon/Analysis_RG-D/plots_Matt_Study/Cx
C/event_kinematics/pdf/W.pdf  used on input line 173.
(pdftex.def)             Requested size: 280.0pt x 200.99622pt.

Overfull \hbox (2.58562pt too wide) in paragraph at lines 173--174
 [][] 
 []

</work/clas12/ouillon/Analysis_RG-D/plots_Matt_Study/CxC/event_kinematics/pdf/t
.pdf, id=705, 569.12625pt x 408.52625pt>
File: /work/clas12/ouillon/Analysis_RG-D/plots_Matt_Study/CxC/event_kinematics/
pdf/t.pdf Graphic file (type pdf)
<use /work/clas12/ouillon/Analysis_RG-D/plots_Matt_Study/CxC/event_kinematics/p
df/t.pdf>
Package pdftex.def Info: /work/clas12/ouillon/Analysis_RG-D/plots_Matt_Study/Cx
C/event_kinematics/pdf/t.pdf  used on input line 177.
(pdftex.def)             Requested size: 280.0pt x 200.99622pt.

Overfull \hbox (2.58562pt too wide) in paragraph at lines 177--178
 [][] 
 []


Overfull \hbox (17.22168pt too wide) in paragraph at lines 171--179
[]$[]$ $[]$ 
 []

</work/clas12/ouillon/Analysis_RG-D/plots_Matt_Study/CxC/event_kinematics/pdf/l
c.pdf, id=706, 569.12625pt x 408.52625pt>
File: /work/clas12/ouillon/Analysis_RG-D/plots_Matt_Study/CxC/event_kinematics/
pdf/lc.pdf Graphic file (type pdf)
<use /work/clas12/ouillon/Analysis_RG-D/plots_Matt_Study/CxC/event_kinematics/p
df/lc.pdf>
Package pdftex.def Info: /work/clas12/ouillon/Analysis_RG-D/plots_Matt_Study/Cx
C/event_kinematics/pdf/lc.pdf  used on input line 182.
(pdftex.def)             Requested size: 280.0pt x 200.99622pt.

Overfull \hbox (2.58562pt too wide) in paragraph at lines 182--183
 [][] 
 []

</work/clas12/ouillon/Analysis_RG-D/plots_Matt_Study/CxC/event_kinematics/pdf/z
h.pdf, id=707, 569.12625pt x 408.52625pt>
File: /work/clas12/ouillon/Analysis_RG-D/plots_Matt_Study/CxC/event_kinematics/
pdf/zh.pdf Graphic file (type pdf)
<use /work/clas12/ouillon/Analysis_RG-D/plots_Matt_Study/CxC/event_kinematics/p
df/zh.pdf>
Package pdftex.def Info: /work/clas12/ouillon/Analysis_RG-D/plots_Matt_Study/Cx
C/event_kinematics/pdf/zh.pdf  used on input line 186.
(pdftex.def)             Requested size: 280.0pt x 200.99622pt.

Overfull \hbox (2.58562pt too wide) in paragraph at lines 186--187
 [][] 
 []


Overfull \hbox (17.22168pt too wide) in paragraph at lines 180--188
[]$[]$ $[]$ 
 []

</work/clas12/ouillon/Analysis_RG-D/plots_Matt_Study/CxC/inv_mass_q2_bins/pdf/i
nv_Mass_Q12.pdf, id=708, 569.12625pt x 408.52625pt>
File: /work/clas12/ouillon/Analysis_RG-D/plots_Matt_Study/CxC/inv_mass_q2_bins/
pdf/inv_Mass_Q12.pdf Graphic file (type pdf)
<use /work/clas12/ouillon/Analysis_RG-D/plots_Matt_Study/CxC/inv_mass_q2_bins/p
df/inv_Mass_Q12.pdf>
Package pdftex.def Info: /work/clas12/ouillon/Analysis_RG-D/plots_Matt_Study/Cx
C/inv_mass_q2_bins/pdf/inv_Mass_Q12.pdf  used on input line 192.
(pdftex.def)             Requested size: 280.0pt x 200.99622pt.

Overfull \hbox (2.58562pt too wide) in paragraph at lines 192--193
 [][] 
 []

</work/clas12/ouillon/Analysis_RG-D/plots_Matt_Study/CxC/inv_mass_q2_bins/pdf/i
nv_Mass_Q225.pdf, id=709, 569.12625pt x 408.52625pt>
File: /work/clas12/ouillon/Analysis_RG-D/plots_Matt_Study/CxC/inv_mass_q2_bins/
pdf/inv_Mass_Q225.pdf Graphic file (type pdf)
<use /work/clas12/ouillon/Analysis_RG-D/plots_Matt_Study/CxC/inv_mass_q2_bins/p
df/inv_Mass_Q225.pdf>
Package pdftex.def Info: /work/clas12/ouillon/Analysis_RG-D/plots_Matt_Study/Cx
C/inv_mass_q2_bins/pdf/inv_Mass_Q225.pdf  used on input line 196.
(pdftex.def)             Requested size: 280.0pt x 200.99622pt.

Overfull \hbox (2.58562pt too wide) in paragraph at lines 196--197
 [][] 
 []


Overfull \hbox (2.22168pt too wide) in paragraph at lines 190--198
$[]$ $[]$ 
 []

[5 </work/clas12/ouillon/Analysis_RG-D/plots_Matt_Study/CxC/event_kinematics/pd
f/Q2.pdf, page is rotated 90 degrees> </work/clas12/ouillon/Analysis_RG-D/plots
_Matt_Study/CxC/event_kinematics/pdf/nu.pdf, page is rotated 90 degrees> </work
/clas12/ouillon/Analysis_RG-D/plots_Matt_Study/CxC/event_kinematics/pdf/W.pdf, 
page is rotated 90 degrees> </work/clas12/ouillon/Analysis_RG-D/plots_Matt_Stud
y/CxC/event_kinematics/pdf/t.pdf, page is rotated 90 degrees> </work/clas12/oui
llon/Analysis_RG-D/plots_Matt_Study/CxC/event_kinematics/pdf/lc.pdf, page is ro
tated 90 degrees> </work/clas12/ouillon/Analysis_RG-D/plots_Matt_Study/CxC/even
t_kinematics/pdf/zh.pdf, page is rotated 90 degrees>]
</work/clas12/ouillon/Analysis_RG-D/plots_Matt_Study/CxC/inv_mass_q2_bins/pdf/i
nv_Mass_Q253.pdf, id=972, 569.12625pt x 408.52625pt>
File: /work/clas12/ouillon/Analysis_RG-D/plots_Matt_Study/CxC/inv_mass_q2_bins/
pdf/inv_Mass_Q253.pdf Graphic file (type pdf)
<use /work/clas12/ouillon/Analysis_RG-D/plots_Matt_Study/CxC/inv_mass_q2_bins/p
df/inv_Mass_Q253.pdf>
Package pdftex.def Info: /work/clas12/ouillon/Analysis_RG-D/plots_Matt_Study/Cx
C/inv_mass_q2_bins/pdf/inv_Mass_Q253.pdf  used on input line 201.
(pdftex.def)             Requested size: 280.0pt x 200.99622pt.

Overfull \hbox (2.58562pt too wide) in paragraph at lines 201--202
 [][] 
 []

</work/clas12/ouillon/Analysis_RG-D/plots_Matt_Study/CxC/inv_mass_q2_bins/pdf/i
nv_Mass_Q335.pdf, id=973, 569.12625pt x 408.52625pt>
File: /work/clas12/ouillon/Analysis_RG-D/plots_Matt_Study/CxC/inv_mass_q2_bins/
pdf/inv_Mass_Q335.pdf Graphic file (type pdf)
<use /work/clas12/ouillon/Analysis_RG-D/plots_Matt_Study/CxC/inv_mass_q2_bins/p
df/inv_Mass_Q335.pdf>
Package pdftex.def Info: /work/clas12/ouillon/Analysis_RG-D/plots_Matt_Study/Cx
C/inv_mass_q2_bins/pdf/inv_Mass_Q335.pdf  used on input line 205.
(pdftex.def)             Requested size: 280.0pt x 200.99622pt.

Overfull \hbox (2.58562pt too wide) in paragraph at lines 205--206
 [][] 
 []


Overfull \hbox (17.22168pt too wide) in paragraph at lines 199--207
[]$[]$ $[]$ 
 []

</work/clas12/ouillon/Analysis_RG-D/plots_Matt_Study/CxC/inv_mass_q2_bins/pdf/i
nv_Mass_Q3545.pdf, id=974, 569.12625pt x 408.52625pt>
File: /work/clas12/ouillon/Analysis_RG-D/plots_Matt_Study/CxC/inv_mass_q2_bins/
pdf/inv_Mass_Q3545.pdf Graphic file (type pdf)
<use /work/clas12/ouillon/Analysis_RG-D/plots_Matt_Study/CxC/inv_mass_q2_bins/p
df/inv_Mass_Q3545.pdf>
Package pdftex.def Info: /work/clas12/ouillon/Analysis_RG-D/plots_Matt_Study/Cx
C/inv_mass_q2_bins/pdf/inv_Mass_Q3545.pdf  used on input line 210.
(pdftex.def)             Requested size: 280.0pt x 200.99622pt.

Overfull \hbox (2.58562pt too wide) in paragraph at lines 210--211
 [][] 
 []

</work/clas12/ouillon/Analysis_RG-D/plots_Matt_Study/CxC/inv_mass_q2_bins/pdf/i
nv_Mass_Q456.pdf, id=975, 569.12625pt x 408.52625pt>
File: /work/clas12/ouillon/Analysis_RG-D/plots_Matt_Study/CxC/inv_mass_q2_bins/
pdf/inv_Mass_Q456.pdf Graphic file (type pdf)
<use /work/clas12/ouillon/Analysis_RG-D/plots_Matt_Study/CxC/inv_mass_q2_bins/p
df/inv_Mass_Q456.pdf>
Package pdftex.def Info: /work/clas12/ouillon/Analysis_RG-D/plots_Matt_Study/Cx
C/inv_mass_q2_bins/pdf/inv_Mass_Q456.pdf  used on input line 214.
(pdftex.def)             Requested size: 280.0pt x 200.99622pt.

Overfull \hbox (2.58562pt too wide) in paragraph at lines 214--215
 [][] 
 []


Overfull \hbox (17.22168pt too wide) in paragraph at lines 208--216
[]$[]$ $[]$ 
 []

[6 </work/clas12/ouillon/Analysis_RG-D/plots_Matt_Study/CxC/inv_mass_q2_bins/pd
f/inv_Mass_Q12.pdf, page is rotated 90 degrees> </work/clas12/ouillon/Analysis_
RG-D/plots_Matt_Study/CxC/inv_mass_q2_bins/pdf/inv_Mass_Q225.pdf, page is rotat
ed 90 degrees> </work/clas12/ouillon/Analysis_RG-D/plots_Matt_Study/CxC/inv_mas
s_q2_bins/pdf/inv_Mass_Q253.pdf, page is rotated 90 degrees> </work/clas12/ouil
lon/Analysis_RG-D/plots_Matt_Study/CxC/inv_mass_q2_bins/pdf/inv_Mass_Q335.pdf, 
page is rotated 90 degrees> </work/clas12/ouillon/Analysis_RG-D/plots_Matt_Stud
y/CxC/inv_mass_q2_bins/pdf/inv_Mass_Q3545.pdf, page is rotated 90 degrees> </wo
rk/clas12/ouillon/Analysis_RG-D/plots_Matt_Study/CxC/inv_mass_q2_bins/pdf/inv_M
ass_Q456.pdf, page is rotated 90 degrees>] [7] (./main.aux) ) 
Here is how much of TeX's memory you used:
 14865 strings out of 481008
 303061 string characters out of 5909440
 577402 words of memory out of 5000000
 31762 multiletter control sequences out of 15000+600000
 414866 words of font info for 52 fonts, out of 8000000 for 9000
 14 hyphenation exceptions out of 8191
 87i,10n,89p,405b,216s stack positions out of 5000i,500n,10000p,200000b,80000s
{/usr/share/texliv
e/texmf-dist/fonts/enc/dvips/cm-super/cm-super-t1.enc}{/usr/share/texlive/texmf
-dist/fonts/enc/dvips/cm-super/cm-super-ts1.enc}</usr/share/texlive/texmf-dist/
fonts/type1/public/amsfonts/cm/cmmi10.pfb></usr/share/texlive/texmf-dist/fonts/
type1/public/amsfonts/cm/cmmi12.pfb></usr/share/texlive/texmf-dist/fonts/type1/
public/amsfonts/cm/cmmi5.pfb></usr/share/texlive/texmf-dist/fonts/type1/public/
amsfonts/cm/cmmi7.pfb></usr/share/texlive/texmf-dist/fonts/type1/public/amsfont
s/cm/cmr10.pfb></usr/share/texlive/texmf-dist/fonts/type1/public/amsfonts/cm/cm
r5.pfb></usr/share/texlive/texmf-dist/fonts/type1/public/amsfonts/cm/cmr7.pfb><
/usr/share/texlive/texmf-dist/fonts/type1/public/amsfonts/cm/cmr8.pfb></usr/sha
re/texlive/texmf-dist/fonts/type1/public/amsfonts/cm/cmsy10.pfb></usr/share/tex
live/texmf-dist/fonts/type1/public/amsfonts/cm/cmsy7.pfb></usr/share/texlive/te
xmf-dist/fonts/type1/public/amsfonts/cm/cmsy8.pfb></usr/share/texlive/texmf-dis
t/fonts/type1/public/cm-super/sfbx1000.pfb></usr/share/texlive/texmf-dist/fonts
/type1/public/cm-super/sfbx1200.pfb></usr/share/texlive/texmf-dist/fonts/type1/
public/cm-super/sfbx1440.pfb></usr/share/texlive/texmf-dist/fonts/type1/public/
cm-super/sfrm1000.pfb></usr/share/texlive/texmf-dist/fonts/type1/public/cm-supe
r/sfrm1200.pfb></usr/share/texlive/texmf-dist/fonts/type1/public/cm-super/sfrm1
728.pfb></usr/share/texlive/texmf-dist/fonts/type1/public/cm-super/sftt1000.pfb
>
Output written on main.pdf (8 pages, 725395 bytes).
PDF statistics:
 1303 PDF objects out of 1440 (max. 8388607)
 567 compressed objects within 6 object streams
 0 named destinations out of 1000 (max. 500000)
 148 words of extra memory for PDF output out of 10000 (max. 10000000)

